0 verbose cli [
0 verbose cli   'C:\\Program Files\\nodejs\\node.exe',
0 verbose cli   'C:\\Users\\Mithat Kara\\AppData\\Roaming\\npm\\node_modules\\npm\\bin\\npm-cli.js',
0 verbose cli   'run',
0 verbose cli   'sTART'
0 verbose cli ]
1 info using npm@8.5.2
2 info using node@v16.13.1
3 timing npm:load:whichnode Completed in 0ms
4 timing config:load:defaults Completed in 1ms
5 timing config:load:file:C:\Users\Mithat Kara\AppData\Roaming\npm\node_modules\npm\npmrc Completed in 2ms
6 timing config:load:builtin Completed in 2ms
7 timing config:load:cli Completed in 1ms
8 timing config:load:env Completed in 1ms
9 timing config:load:file:C:\Users\Mithat Kara\OneDrive\Masaüstü\redux\todo-app\api\.npmrc Completed in 0ms
10 timing config:load:project Completed in 3ms
11 timing config:load:file:C:\Users\Mithat Kara\.npmrc Completed in 1ms
12 timing config:load:user Completed in 1ms
13 timing config:load:file:C:\Users\Mithat Kara\AppData\Roaming\npm\etc\npmrc Completed in 1ms
14 timing config:load:global Completed in 1ms
15 timing config:load:validate Completed in 0ms
16 timing config:load:credentials Completed in 0ms
17 timing config:load:setEnvs Completed in 1ms
18 timing config:load Completed in 11ms
19 timing npm:load:configload Completed in 11ms
20 timing npm:load:setTitle Completed in 1ms
21 timing config:load:flatten Completed in 2ms
22 timing npm:load:display Completed in 3ms
23 verbose logfile C:\Users\Mithat Kara\OneDrive\Masaüstü\redux\todo-app\api\_logs\2022-02-25T09_21_41_043Z-debug-0.log
24 timing npm:load:logFile Completed in 7ms
25 timing npm:load:timers Completed in 0ms
26 timing npm:load:configScope Completed in 0ms
27 timing npm:load Completed in 22ms
28 timing command:run Completed in 3ms
29 verbose stack Error: Missing script: "sTART"
29 verbose stack
29 verbose stack To see a list of scripts, run:
29 verbose stack   npm run
29 verbose stack     at RunScript.run (C:\Users\Mithat Kara\AppData\Roaming\npm\node_modules\npm\lib\commands\run-script.js:95:13)
29 verbose stack     at async module.exports (C:\Users\Mithat Kara\AppData\Roaming\npm\node_modules\npm\lib\cli.js:66:5)
30 verbose cwd C:\Users\Mithat Kara\OneDrive\Masaüstü\redux\todo-app\api
31 verbose Windows_NT 10.0.19044
32 verbose argv "C:\\Program Files\\nodejs\\node.exe" "C:\\Users\\Mithat Kara\\AppData\\Roaming\\npm\\node_modules\\npm\\bin\\npm-cli.js" "run" "sTART"
33 verbose node v16.13.1
34 verbose npm  v8.5.2
35 error Missing script: "sTART"
35 error
35 error To see a list of scripts, run:
35 error   npm run
36 verbose exit 1
37 timing npm Completed in 210ms
38 verbose code 1
39 error A complete log of this run can be found in:
39 error     C:\Users\Mithat Kara\OneDrive\Masaüstü\redux\todo-app\api\_logs\2022-02-25T09_21_41_043Z-debug-0.log
